<testsuites id="" name="" tests="2" failures="1" skipped="0" errors="0" time="8.185939000000001">
<testsuite name="shadow.spec.ts" timestamp="2026-09-10T12:47:44.505Z" hostname="chromium" tests="2" failures="1" skipped="0" time="7.609" errors="0">
<testcase name="shadow dom handeling › shadow dom handle ulr launch" classname="shadow.spec.ts" time="1.351">
</testcase>
<testcase name="shadow dom handeling › handle shadow dom on that page" classname="shadow.spec.ts" time="6.258">
<system-out>
<![CDATA[
[[ATTACHMENT|..\test-results\shadow-shadow-dom-handeling-handle-shadow-dom-on-that-page-chromium\error-context.md]]
]]>
</system-out>
<failure message="expect(locator).toBeVisible() failed" type="expect.toBeVisible">
<![CDATA[  [chromium] › shadow.spec.ts:17:5 › shadow dom handeling › handle shadow dom on that page ─────────

    Error: expect(locator).toBeVisible() failed

    Locator: locator('shadow_host')
    Expected: visible
    Timeout: 5000ms
    Error: element(s) not found

    Call log:
      - Expect "toBeVisible" locator('shadow_host') with timeout 5000ms
      - waiting for locator('shadow_host')


      30 |
      31 |  const host=page.locator('shadow_host');
    > 32 | await expect(host).toBeVisible();
         |                    ^
      33 |
      34 |
      35 |
        at C:\Users\katey\Playwright_Freamwork\tests\shadow.spec.ts:32:20

    Error Context: ..\test-results\shadow-shadow-dom-handeling-handle-shadow-dom-on-that-page-chromium\error-context.md
]]>
</failure>
</testcase>
</testsuite>
</testsuites>